# JRE version: OpenJDK Runtime Environment Microsoft-13877129 (17.0.19+10) (build 17.0.19+10-LTS)
# Java VM: OpenJDK 64-Bit Server VM Microsoft-13877129 (17.0.19+10-LTS, mixed mode, sharing, tiered, compressed oops, compressed class ptrs, g1 gc, windows-amd64)
GC Precious Log:
 CPUs: 8 total, 8 available
 Memory: 8030M
 Large Page Support: Disabled
 NUMA Support: Disabled
 Compressed Oops: Enabled (32-bit)
 Heap Region Size: 1M
 Heap Min Capacity: 8M
 Heap Initial Capacity: 126M
 Heap Max Capacity: 2008M
 Pre-touch: Disabled
 Parallel Workers: 8
 Concurrent Workers: 2
 Concurrent Refinement Workers: 8
 Periodic GC: Disabled
Heap:
 garbage-first heap   total 249856K, used 177720K [0x0000000082800000, 0x0000000100000000)
  region size 1024K, 83 young (84992K), 12 survivors (12288K)
 Metaspace       used 74146K, committed 74816K, reserved 1179648K
  class space    used 8545K, committed 8896K, reserved 1048576K
GC Heap History (20 events):
Event: 30.044 GC heap before
{Heap before GC invocations=28 (full 0):
 garbage-first heap   total 101376K, used 64971K [0x0000000082800000, 0x0000000100000000)
  region size 1024K, 13 young (13312K), 4 survivors (4096K)
 Metaspace       used 68881K, committed 69376K, reserved 1114112K
  class space    used 8212K, committed 8448K, reserved 1048576K
}
Event: 30.054 GC heap after
{Heap after GC invocations=29 (full 0):
 garbage-first heap   total 101376K, used 58382K [0x0000000082800000, 0x0000000100000000)
  region size 1024K, 2 young (2048K), 2 survivors (2048K)
 Metaspace       used 68881K, committed 69376K, reserved 1114112K
  class space    used 8212K, committed 8448K, reserved 1048576K
}
Event: 30.573 GC heap before
{Heap before GC invocations=30 (full 0):
 garbage-first heap   total 109568K, used 78862K [0x0000000082800000, 0x0000000100000000)
  region size 1024K, 21 young (21504K), 2 survivors (2048K)
 Metaspace       used 69109K, committed 69504K, reserved 1114112K
  class space    used 8220K, committed 8448K, reserved 1048576K
}
Event: 30.580 GC heap after
{Heap after GC invocations=31 (full 0):
 garbage-first heap   total 109568K, used 62179K [0x0000000082800000, 0x0000000100000000)
  region size 1024K, 3 young (3072K), 3 survivors (3072K)
 Metaspace       used 69109K, committed 69504K, reserved 1114112K
  class space    used 8220K, committed 8448K, reserved 1048576K
}
Event: 30.793 GC heap before
{Heap before GC invocations=32 (full 0):
 garbage-first heap   total 132096K, used 86755K [0x0000000082800000, 0x0000000100000000)
  region size 1024K, 27 young (27648K), 3 survivors (3072K)
 Metaspace       used 69123K, committed 69568K, reserved 1114112K
  class space    used 8220K, committed 8448K, reserved 1048576K
}
Event: 30.798 GC heap after
{Heap after GC invocations=33 (full 0):
 garbage-first heap   total 132096K, used 63535K [0x0000000082800000, 0x0000000100000000)
  region size 1024K, 2 young (2048K), 2 survivors (2048K)
 Metaspace       used 69123K, committed 69568K, reserved 1114112K
  class space    used 8220K, committed 8448K, reserved 1048576K
}
Event: 31.849 GC heap before
{Heap before GC invocations=33 (full 0):
 garbage-first heap   total 132096K, used 84015K [0x0000000082800000, 0x0000000100000000)
  region size 1024K, 23 young (23552K), 2 survivors (2048K)
 Metaspace       used 70031K, committed 70528K, reserved 1114112K
  class space    used 8277K, committed 8512K, reserved 1048576K
}
Event: 31.857 GC heap after
{Heap after GC invocations=34 (full 0):
 garbage-first heap   total 132096K, used 66439K [0x0000000082800000, 0x0000000100000000)
  region size 1024K, 5 young (5120K), 5 survivors (5120K)
 Metaspace       used 70031K, committed 70528K, reserved 1114112K
  class space    used 8277K, committed 8512K, reserved 1048576K
}
Event: 32.436 GC heap before
{Heap before GC invocations=35 (full 0):
 garbage-first heap   total 132096K, used 106375K [0x0000000082800000, 0x0000000100000000)
  region size 1024K, 42 young (43008K), 5 survivors (5120K)
 Metaspace       used 70110K, committed 70592K, reserved 1114112K
  class space    used 8277K, committed 8512K, reserved 1048576K
}
Event: 32.446 GC heap after
{Heap after GC invocations=36 (full 0):
 garbage-first heap   total 132096K, used 70231K [0x0000000082800000, 0x0000000100000000)
  region size 1024K, 6 young (6144K), 6 survivors (6144K)
 Metaspace       used 70110K, committed 70592K, reserved 1114112K
  class space    used 8277K, committed 8512K, reserved 1048576K
}
Event: 32.597 GC heap before
{Heap before GC invocations=36 (full 0):
 garbage-first heap   total 132096K, used 71255K [0x0000000082800000, 0x0000000100000000)
  region size 1024K, 7 young (7168K), 6 survivors (6144K)
 Metaspace       used 70156K, committed 70656K, reserved 1114112K
  class space    used 8282K, committed 8512K, reserved 1048576K
}
Event: 32.609 GC heap after
{Heap after GC invocations=37 (full 0):
 garbage-first heap   total 132096K, used 71009K [0x0000000082800000, 0x0000000100000000)
  region size 1024K, 1 young (1024K), 1 survivors (1024K)
 Metaspace       used 70156K, committed 70656K, reserved 1114112K
  class space    used 8282K, committed 8512K, reserved 1048576K
}
Event: 33.300 GC heap before
{Heap before GC invocations=37 (full 0):
 garbage-first heap   total 132096K, used 108897K [0x0000000082800000, 0x0000000100000000)
  region size 1024K, 35 young (35840K), 1 survivors (1024K)
 Metaspace       used 70296K, committed 70784K, reserved 1114112K
  class space    used 8285K, committed 8512K, reserved 1048576K
}
Event: 33.313 GC heap after
{Heap after GC invocations=38 (full 0):
 garbage-first heap   total 249856K, used 76037K [0x0000000082800000, 0x0000000100000000)
  region size 1024K, 5 young (5120K), 5 survivors (5120K)
 Metaspace       used 70296K, committed 70784K, reserved 1114112K
  class space    used 8285K, committed 8512K, reserved 1048576K
}
Event: 36.421 GC heap before
{Heap before GC invocations=39 (full 0):
 garbage-first heap   total 249856K, used 185605K [0x0000000082800000, 0x0000000100000000)
  region size 1024K, 108 young (110592K), 5 survivors (5120K)
 Metaspace       used 71521K, committed 71936K, reserved 1114112K
  class space    used 8347K, committed 8576K, reserved 1048576K
}
Event: 36.448 GC heap after
{Heap after GC invocations=40 (full 0):
 garbage-first heap   total 249856K, used 87161K [0x0000000082800000, 0x0000000100000000)
  region size 1024K, 14 young (14336K), 14 survivors (14336K)
 Metaspace       used 71521K, committed 71936K, reserved 1114112K
  class space    used 8347K, committed 8576K, reserved 1048576K
}
Event: 36.459 GC heap before
{Heap before GC invocations=40 (full 0):
 garbage-first heap   total 249856K, used 88185K [0x0000000082800000, 0x0000000100000000)
  region size 1024K, 15 young (15360K), 14 survivors (14336K)
 Metaspace       used 71521K, committed 71936K, reserved 1114112K
  class space    used 8347K, committed 8576K, reserved 1048576K
}
Event: 36.474 GC heap after
{Heap after GC invocations=41 (full 0):
 garbage-first heap   total 249856K, used 88925K [0x0000000082800000, 0x0000000100000000)
  region size 1024K, 2 young (2048K), 2 survivors (2048K)
 Metaspace       used 71521K, committed 71936K, reserved 1114112K
  class space    used 8347K, committed 8576K, reserved 1048576K
}
Event: 39.779 GC heap before
{Heap before GC invocations=41 (full 0):
 garbage-first heap   total 249856K, used 187229K [0x0000000082800000, 0x0000000100000000)
  region size 1024K, 94 young (96256K), 2 survivors (2048K)
 Metaspace       used 73221K, committed 73792K, reserved 1179648K
  class space    used 8490K, committed 8768K, reserved 1048576K
}
Event: 39.793 GC heap after
{Heap after GC invocations=42 (full 0):
 garbage-first heap   total 249856K, used 102968K [0x0000000082800000, 0x0000000100000000)
  region size 1024K, 12 young (12288K), 12 survivors (12288K)
 Metaspace       used 73221K, committed 73792K, reserved 1179648K
  class space    used 8490K, committed 8768K, reserved 1048576K
}

