# JRE version: OpenJDK Runtime Environment Microsoft-13877129 (17.0.19+10) (build 17.0.19+10-LTS)
# Java VM: OpenJDK 64-Bit Server VM Microsoft-13877129 (17.0.19+10-LTS, mixed mode, sharing, tiered, compressed oops, compressed class ptrs, g1 gc, windows-amd64)
GC Precious Log:
 CPUs: 8 total, 8 available
 Memory: 8030M
 Large Page Support: Disabled
 NUMA Support: Disabled
 Compressed Oops: Enabled (32-bit)
 Heap Region Size: 1M
 Heap Min Capacity: 8M
 Heap Initial Capacity: 126M
 Heap Max Capacity: 2008M
 Pre-touch: Disabled
 Parallel Workers: 8
 Concurrent Workers: 2
 Concurrent Refinement Workers: 8
 Periodic GC: Disabled
Heap:
 garbage-first heap   total 129024K, used 65728K [0x0000000082800000, 0x0000000100000000)
  region size 1024K, 3 young (3072K), 3 survivors (3072K)
 Metaspace       used 69155K, committed 69568K, reserved 1114112K
  class space    used 8225K, committed 8448K, reserved 1048576K
GC Heap History (20 events):
Event: 23.745 GC heap after
{Heap after GC invocations=34 (full 0):
 garbage-first heap   total 76800K, used 45440K [0x0000000082800000, 0x0000000100000000)
  region size 1024K, 3 young (3072K), 3 survivors (3072K)
 Metaspace       used 60218K, committed 60608K, reserved 1114112K
  class space    used 7289K, committed 7424K, reserved 1048576K
}
Event: 25.057 GC heap before
{Heap before GC invocations=34 (full 0):
 garbage-first heap   total 76800K, used 59776K [0x0000000082800000, 0x0000000100000000)
  region size 1024K, 17 young (17408K), 3 survivors (3072K)
 Metaspace       used 62943K, committed 63296K, reserved 1114112K
  class space    used 7612K, committed 7744K, reserved 1048576K
}
Event: 25.065 GC heap after
{Heap after GC invocations=35 (full 0):
 garbage-first heap   total 92160K, used 47130K [0x0000000082800000, 0x0000000100000000)
  region size 1024K, 3 young (3072K), 3 survivors (3072K)
 Metaspace       used 62943K, committed 63296K, reserved 1114112K
  class space    used 7612K, committed 7744K, reserved 1048576K
}
Event: 27.541 GC heap before
{Heap before GC invocations=36 (full 0):
 garbage-first heap   total 92160K, used 69658K [0x0000000082800000, 0x0000000100000000)
  region size 1024K, 26 young (26624K), 3 survivors (3072K)
 Metaspace       used 66890K, committed 67328K, reserved 1114112K
  class space    used 8045K, committed 8256K, reserved 1048576K
}
Event: 27.548 GC heap after
{Heap after GC invocations=37 (full 0):
 garbage-first heap   total 92160K, used 49924K [0x0000000082800000, 0x0000000100000000)
  region size 1024K, 4 young (4096K), 4 survivors (4096K)
 Metaspace       used 66890K, committed 67328K, reserved 1114112K
  class space    used 8045K, committed 8256K, reserved 1048576K
}
Event: 27.564 GC heap before
{Heap before GC invocations=37 (full 0):
 garbage-first heap   total 92160K, used 49924K [0x0000000082800000, 0x0000000100000000)
  region size 1024K, 5 young (5120K), 4 survivors (4096K)
 Metaspace       used 66892K, committed 67328K, reserved 1114112K
  class space    used 8045K, committed 8256K, reserved 1048576K
}
Event: 27.570 GC heap after
{Heap after GC invocations=38 (full 0):
 garbage-first heap   total 92160K, used 49806K [0x0000000082800000, 0x0000000100000000)
  region size 1024K, 1 young (1024K), 1 survivors (1024K)
 Metaspace       used 66892K, committed 67328K, reserved 1114112K
  class space    used 8045K, committed 8256K, reserved 1048576K
}
Event: 28.147 GC heap before
{Heap before GC invocations=39 (full 0):
 garbage-first heap   total 106496K, used 67214K [0x0000000082800000, 0x0000000100000000)
  region size 1024K, 17 young (17408K), 1 survivors (1024K)
 Metaspace       used 67458K, committed 67840K, reserved 1114112K
  class space    used 8115K, committed 8320K, reserved 1048576K
}
Event: 28.156 GC heap after
{Heap after GC invocations=40 (full 0):
 garbage-first heap   total 106496K, used 52971K [0x0000000082800000, 0x0000000100000000)
  region size 1024K, 3 young (3072K), 3 survivors (3072K)
 Metaspace       used 67458K, committed 67840K, reserved 1114112K
  class space    used 8115K, committed 8320K, reserved 1048576K
}
Event: 28.617 GC heap before
{Heap before GC invocations=41 (full 0):
 garbage-first heap   total 114688K, used 84715K [0x0000000082800000, 0x0000000100000000)
  region size 1024K, 33 young (33792K), 3 survivors (3072K)
 Metaspace       used 67681K, committed 68032K, reserved 1114112K
  class space    used 8135K, committed 8320K, reserved 1048576K
}
Event: 28.626 GC heap after
{Heap after GC invocations=42 (full 0):
 garbage-first heap   total 114688K, used 55183K [0x0000000082800000, 0x0000000100000000)
  region size 1024K, 3 young (3072K), 3 survivors (3072K)
 Metaspace       used 67681K, committed 68032K, reserved 1114112K
  class space    used 8135K, committed 8320K, reserved 1048576K
}
Event: 28.635 GC heap before
{Heap before GC invocations=42 (full 0):
 garbage-first heap   total 114688K, used 57231K [0x0000000082800000, 0x0000000100000000)
  region size 1024K, 5 young (5120K), 3 survivors (3072K)
 Metaspace       used 67683K, committed 68032K, reserved 1114112K
  class space    used 8135K, committed 8320K, reserved 1048576K
}
Event: 28.642 GC heap after
{Heap after GC invocations=43 (full 0):
 garbage-first heap   total 114688K, used 54929K [0x0000000082800000, 0x0000000100000000)
  region size 1024K, 1 young (1024K), 1 survivors (1024K)
 Metaspace       used 67683K, committed 68032K, reserved 1114112K
  class space    used 8135K, committed 8320K, reserved 1048576K
}
Event: 29.689 GC heap before
{Heap before GC invocations=43 (full 0):
 garbage-first heap   total 114688K, used 74385K [0x0000000082800000, 0x0000000100000000)
  region size 1024K, 21 young (21504K), 1 survivors (1024K)
 Metaspace       used 68597K, committed 69056K, reserved 1114112K
  class space    used 8217K, committed 8448K, reserved 1048576K
}
Event: 29.698 GC heap after
{Heap after GC invocations=44 (full 0):
 garbage-first heap   total 114688K, used 58254K [0x0000000082800000, 0x0000000100000000)
  region size 1024K, 4 young (4096K), 4 survivors (4096K)
 Metaspace       used 68597K, committed 69056K, reserved 1114112K
  class space    used 8217K, committed 8448K, reserved 1048576K
}
Event: 30.320 GC heap before
{Heap before GC invocations=45 (full 0):
 garbage-first heap   total 119808K, used 93070K [0x0000000082800000, 0x0000000100000000)
  region size 1024K, 35 young (35840K), 4 survivors (4096K)
 Metaspace       used 68869K, committed 69312K, reserved 1114112K
  class space    used 8223K, committed 8448K, reserved 1048576K
}
Event: 30.333 GC heap after
{Heap after GC invocations=46 (full 0):
 garbage-first heap   total 119808K, used 63104K [0x0000000082800000, 0x0000000100000000)
  region size 1024K, 5 young (5120K), 5 survivors (5120K)
 Metaspace       used 68869K, committed 69312K, reserved 1114112K
  class space    used 8223K, committed 8448K, reserved 1048576K
}
Event: 30.345 GC heap before
{Heap before GC invocations=46 (full 0):
 garbage-first heap   total 119808K, used 64128K [0x0000000082800000, 0x0000000100000000)
  region size 1024K, 6 young (6144K), 5 survivors (5120K)
 Metaspace       used 68870K, committed 69312K, reserved 1114112K
  class space    used 8223K, committed 8448K, reserved 1048576K
}
Event: 30.353 GC heap after
{Heap after GC invocations=47 (full 0):
 garbage-first heap   total 119808K, used 63225K [0x0000000082800000, 0x0000000100000000)
  region size 1024K, 1 young (1024K), 1 survivors (1024K)
 Metaspace       used 68870K, committed 69312K, reserved 1114112K
  class space    used 8223K, committed 8448K, reserved 1048576K
}
Event: 31.159 GC heap before
{Heap before GC invocations=47 (full 0):
 garbage-first heap   total 119808K, used 90873K [0x0000000082800000, 0x0000000100000000)
  region size 1024K, 29 young (29696K), 1 survivors (1024K)
 Metaspace       used 69155K, committed 69568K, reserved 1114112K
  class space    used 8225K, committed 8448K, reserved 1048576K
}

