# JRE version: OpenJDK Runtime Environment Microsoft-13877129 (17.0.19+10) (build 17.0.19+10-LTS)
# Java VM: OpenJDK 64-Bit Server VM Microsoft-13877129 (17.0.19+10-LTS, mixed mode, sharing, tiered, compressed oops, compressed class ptrs, g1 gc, windows-amd64)
GC Precious Log:
 CPUs: 8 total, 8 available
 Memory: 8030M
 Large Page Support: Disabled
 NUMA Support: Disabled
 Compressed Oops: Enabled (32-bit)
 Heap Region Size: 1M
 Heap Min Capacity: 8M
 Heap Initial Capacity: 126M
 Heap Max Capacity: 2008M
 Pre-touch: Disabled
 Parallel Workers: 8
 Concurrent Workers: 2
 Concurrent Refinement Workers: 8
 Periodic GC: Disabled
Heap:
 garbage-first heap   total 551936K, used 422028K [0x0000000082800000, 0x0000000100000000)
  region size 1024K, 37 young (37888K), 2 survivors (2048K)
 Metaspace       used 79499K, committed 80128K, reserved 1179648K
  class space    used 8798K, committed 9152K, reserved 1048576K
GC Heap History (20 events):
Event: 83.172 GC heap before
{Heap before GC invocations=87 (full 0):
 garbage-first heap   total 467968K, used 394436K [0x0000000082800000, 0x0000000100000000)
  region size 1024K, 77 young (78848K), 10 survivors (10240K)
 Metaspace       used 78590K, committed 79168K, reserved 1179648K
  class space    used 8764K, committed 9088K, reserved 1048576K
}
Event: 83.205 GC heap after
{Heap after GC invocations=88 (full 0):
 garbage-first heap   total 467968K, used 333739K [0x0000000082800000, 0x0000000100000000)
  region size 1024K, 9 young (9216K), 9 survivors (9216K)
 Metaspace       used 78590K, committed 79168K, reserved 1179648K
  class space    used 8764K, committed 9088K, reserved 1048576K
}
Event: 85.546 GC heap before
{Heap before GC invocations=88 (full 0):
 garbage-first heap   total 467968K, used 397227K [0x0000000082800000, 0x0000000100000000)
  region size 1024K, 71 young (72704K), 9 survivors (9216K)
 Metaspace       used 78823K, committed 79424K, reserved 1179648K
  class space    used 8781K, committed 9088K, reserved 1048576K
}
Event: 85.571 GC heap after
{Heap after GC invocations=89 (full 0):
 garbage-first heap   total 467968K, used 341881K [0x0000000082800000, 0x0000000100000000)
  region size 1024K, 9 young (9216K), 9 survivors (9216K)
 Metaspace       used 78823K, committed 79424K, reserved 1179648K
  class space    used 8781K, committed 9088K, reserved 1048576K
}
Event: 85.820 GC heap before
{Heap before GC invocations=89 (full 0):
 garbage-first heap   total 467968K, used 399225K [0x0000000082800000, 0x0000000100000000)
  region size 1024K, 65 young (66560K), 9 survivors (9216K)
 Metaspace       used 78823K, committed 79424K, reserved 1179648K
  class space    used 8781K, committed 9088K, reserved 1048576K
}
Event: 85.838 GC heap after
{Heap after GC invocations=90 (full 0):
 garbage-first heap   total 467968K, used 347972K [0x0000000082800000, 0x0000000100000000)
  region size 1024K, 6 young (6144K), 6 survivors (6144K)
 Metaspace       used 78823K, committed 79424K, reserved 1179648K
  class space    used 8781K, committed 9088K, reserved 1048576K
}
Event: 86.814 GC heap before
{Heap before GC invocations=90 (full 0):
 garbage-first heap   total 467968K, used 403268K [0x0000000082800000, 0x0000000100000000)
  region size 1024K, 59 young (60416K), 6 survivors (6144K)
 Metaspace       used 78886K, committed 79488K, reserved 1179648K
  class space    used 8783K, committed 9088K, reserved 1048576K
}
Event: 86.832 GC heap after
{Heap after GC invocations=91 (full 0):
 garbage-first heap   total 467968K, used 356294K [0x0000000082800000, 0x0000000100000000)
  region size 1024K, 8 young (8192K), 8 survivors (8192K)
 Metaspace       used 78886K, committed 79488K, reserved 1179648K
  class space    used 8783K, committed 9088K, reserved 1048576K
}
Event: 88.764 GC heap before
{Heap before GC invocations=91 (full 0):
 garbage-first heap   total 467968K, used 404422K [0x0000000082800000, 0x0000000100000000)
  region size 1024K, 55 young (56320K), 8 survivors (8192K)
 Metaspace       used 79214K, committed 79808K, reserved 1179648K
  class space    used 8784K, committed 9088K, reserved 1048576K
}
Event: 88.780 GC heap after
{Heap after GC invocations=92 (full 0):
 garbage-first heap   total 467968K, used 363520K [0x0000000082800000, 0x0000000100000000)
  region size 1024K, 7 young (7168K), 7 survivors (7168K)
 Metaspace       used 79214K, committed 79808K, reserved 1179648K
  class space    used 8784K, committed 9088K, reserved 1048576K
}
Event: 89.112 GC heap before
{Heap before GC invocations=92 (full 0):
 garbage-first heap   total 467968K, used 407552K [0x0000000082800000, 0x0000000100000000)
  region size 1024K, 48 young (49152K), 7 survivors (7168K)
 Metaspace       used 79223K, committed 79872K, reserved 1179648K
  class space    used 8784K, committed 9088K, reserved 1048576K
}
Event: 89.133 GC heap after
{Heap after GC invocations=93 (full 0):
 garbage-first heap   total 467968K, used 367818K [0x0000000082800000, 0x0000000100000000)
  region size 1024K, 6 young (6144K), 6 survivors (6144K)
 Metaspace       used 79223K, committed 79872K, reserved 1179648K
  class space    used 8784K, committed 9088K, reserved 1048576K
}
Event: 90.446 GC heap before
{Heap before GC invocations=93 (full 0):
 garbage-first heap   total 467968K, used 406730K [0x0000000082800000, 0x0000000100000000)
  region size 1024K, 43 young (44032K), 6 survivors (6144K)
 Metaspace       used 79389K, committed 80064K, reserved 1179648K
  class space    used 8794K, committed 9152K, reserved 1048576K
}
Event: 90.464 GC heap after
{Heap after GC invocations=94 (full 0):
 garbage-first heap   total 467968K, used 373756K [0x0000000082800000, 0x0000000100000000)
  region size 1024K, 6 young (6144K), 6 survivors (6144K)
 Metaspace       used 79389K, committed 80064K, reserved 1179648K
  class space    used 8794K, committed 9152K, reserved 1048576K
}
Event: 92.452 GC heap before
{Heap before GC invocations=94 (full 0):
 garbage-first heap   total 467968K, used 406524K [0x0000000082800000, 0x0000000100000000)
  region size 1024K, 38 young (38912K), 6 survivors (6144K)
 Metaspace       used 79483K, committed 80128K, reserved 1179648K
  class space    used 8798K, committed 9152K, reserved 1048576K
}
Event: 92.464 GC heap after
{Heap after GC invocations=95 (full 0):
 garbage-first heap   total 467968K, used 377493K [0x0000000082800000, 0x0000000100000000)
  region size 1024K, 4 young (4096K), 4 survivors (4096K)
 Metaspace       used 79483K, committed 80128K, reserved 1179648K
  class space    used 8798K, committed 9152K, reserved 1048576K
}
Event: 92.700 GC heap before
{Heap before GC invocations=95 (full 0):
 garbage-first heap   total 467968K, used 410261K [0x0000000082800000, 0x0000000100000000)
  region size 1024K, 35 young (35840K), 4 survivors (4096K)
 Metaspace       used 79488K, committed 80128K, reserved 1179648K
  class space    used 8798K, committed 9152K, reserved 1048576K
}
Event: 92.712 GC heap after
{Heap after GC invocations=96 (full 0):
 garbage-first heap   total 467968K, used 385540K [0x0000000082800000, 0x0000000100000000)
  region size 1024K, 5 young (5120K), 5 survivors (5120K)
 Metaspace       used 79488K, committed 80128K, reserved 1179648K
  class space    used 8798K, committed 9152K, reserved 1048576K
}
Event: 92.773 GC heap before
{Heap before GC invocations=96 (full 0):
 garbage-first heap   total 467968K, used 408068K [0x0000000082800000, 0x0000000100000000)
  region size 1024K, 27 young (27648K), 5 survivors (5120K)
 Metaspace       used 79488K, committed 80128K, reserved 1179648K
  class space    used 8798K, committed 9152K, reserved 1048576K
}
Event: 92.780 GC heap after
{Heap after GC invocations=97 (full 0):
 garbage-first heap   total 551936K, used 387212K [0x0000000082800000, 0x0000000100000000)
  region size 1024K, 2 young (2048K), 2 survivors (2048K)
 Metaspace       used 79488K, committed 80128K, reserved 1179648K
  class space    used 8798K, committed 9152K, reserved 1048576K
}

